#
# A fatal error has been detected by the Java Runtime Environment:
#
#  SIGSEGV (0xb) at pc=0x0000000109982bfe, pid=1768, tid=13827
#
# JRE version: Java(TM) SE Runtime Environment (10.0.2+13) (build 10.0.2+13)
# Java VM: Java HotSpot(TM) 64-Bit Server VM (10.0.2+13, mixed mode, tiered, compressed oops, g1 gc, bsd-amd64)
# Problematic frame:
# V  [libjvm.dylib+0x382bfe]  _ZN14GenerateOopMap8do_fieldEiiii+0x54
#
# No core dump will be written. Core dumps have been disabled. To enable core dumping, try "ulimit -c unlimited" before starting Java again
#
# If you would like to submit a bug report, please visit:
#   http://bugreport.java.com/bugreport/crash.jsp
#

---------------  S U M M A R Y ------------

Command Line: -agentlib:jdwp=transport=dt_socket,suspend=y,address=localhost:50404 -javaagent:/Users/folafifo/eclipse/java-photon/Eclipse.app/Contents/Eclipse/configuration/org.eclipse.osgi/231/0/.cp/lib/javaagent-shaded.jar -Dfile.encoding=UTF-8 Game

Host: MacBookAir7,2 x86_64 1800 MHz, 4 cores, 8G, Darwin 18.2.0
Time: Tue Feb 12 16:12:23 2019 GMT elapsed time: 842 seconds (0d 0h 14m 2s)

---------------  T H R E A D  ---------------

Current thread (0x00007f840d801000):  VMThread "VM Thread" [stack: 0x000070000369b000,0x000070000379b000] [id=13827]

Stack: [0x000070000369b000,0x000070000379b000],  sp=0x000070000379a630,  free space=1021k
Native frames: (J=compiled Java code, A=aot compiled Java code, j=interpreted, Vv=VM code, C=native code)
V  [libjvm.dylib+0x382bfe]  _ZN14GenerateOopMap8do_fieldEiiii+0x54
V  [libjvm.dylib+0x3816bb]  _ZN14GenerateOopMap9interp_bbEP10BasicBlock+0x105
V  [libjvm.dylib+0x3813d1]  _ZN14GenerateOopMap10interp_allEv+0x53
V  [libjvm.dylib+0x3810b7]  _ZN14GenerateOopMap17do_interpretationEv+0x4b
V  [libjvm.dylib+0x383581]  _ZN14GenerateOopMap11compute_mapEP6Thread+0x16b
V  [libjvm.dylib+0x62b7d8]  _ZN19OopMapForCacheEntry11compute_mapEP6Thread+0x60
V  [libjvm.dylib+0x62c0c4]  _ZN16OopMapCacheEntry4fillERK12methodHandlei+0xac
V  [libjvm.dylib+0x62ca8c]  _ZN11OopMapCache19compute_one_oop_mapERK12methodHandleiP17InterpreterOopMap+0x11a
V  [libjvm.dylib+0x5f1155]  _ZN6Method8mask_forEiP17InterpreterOopMap+0x7f
V  [libjvm.dylib+0x4dda69]  _ZN16VM_GetOrSetLocal4doitEv+0x47
V  [libjvm.dylib+0x7a38d9]  _ZN12VM_Operation8evaluateEv+0xf1
V  [libjvm.dylib+0x7a2dc2]  _ZN8VMThread18evaluate_operationEP12VM_Operation+0xd4
V  [libjvm.dylib+0x7a2a76]  _ZN8VMThread4loopEv+0x340
V  [libjvm.dylib+0x7a2649]  _ZN8VMThread3runEv+0x75
V  [libjvm.dylib+0x633a5f]  _ZL19thread_native_entryP6Thread+0x12b
C  [libsystem_pthread.dylib+0x3305]  _pthread_body+0x7e
C  [libsystem_pthread.dylib+0x626f]  _pthread_start+0x46
C  [libsystem_pthread.dylib+0x2415]  thread_start+0xd


siginfo: si_signo: 11 (SIGSEGV), si_code: 1 (SEGV_MAPERR), si_addr: 0x0000000000000006

Register to memory mapping:

RAX=0x0000000000000000 is an unknown value
RBX=0x000000012ccd7f60 is pointing into metadata
RCX=0x000000000006c400 is an unknown value
RDX=0x0000000000000000 is an unknown value
RSP=0x000070000379a630 is an unknown value
RBP=0x000070000379a680 is an unknown value
RSI=0x0000000000000000 is an unknown value
RDI=0x000000012ccd7f60 is pointing into metadata
R8 =0x0000000000000029 is an unknown value
R9 =0x000000008fffffff is an unknown value
R10=0x000000000000000c is an unknown value
R11=0xffffffffffc821f0 is an unknown value
R12=0x0000000000000029 is an unknown value
R13=0x0000000000000001 is an unknown value
R14=0x0000000000000001 is an unknown value
R15=0x000070000379a848 is an unknown value


Registers:
RAX=0x0000000000000000, RBX=0x000000012ccd7f60, RCX=0x000000000006c400, RDX=0x0000000000000000
RSP=0x000070000379a630, RBP=0x000070000379a680, RSI=0x0000000000000000, RDI=0x000000012ccd7f60
R8 =0x0000000000000029, R9 =0x000000008fffffff, R10=0x000000000000000c, R11=0xffffffffffc821f0
R12=0x0000000000000029, R13=0x0000000000000001, R14=0x0000000000000001, R15=0x000070000379a848
RIP=0x0000000109982bfe, EFLAGS=0x0000000000010206, ERR=0x0000000000000004
  TRAPNO=0x000000000000000e

Top of Stack: (sp=0x000070000379a630)
0x000070000379a630:   00007f840d801000 000000012ccd8b25
0x000070000379a640:   000000010998204c 000070000379a690
0x000070000379a650:   8031c9f40f3d0034 000070000379a848
0x000070000379a660:   000070000379a690 0000000000000039
0x000070000379a670:   000070000379a698 00007f840c63a9f0
0x000070000379a680:   000070000379a6f0 00000001099816bb
0x000070000379a690:   000070000379a6b0 000000012ccd8c08
0x000070000379a6a0:   00007f840d801000 0000002c00000029
0x000070000379a6b0:   000000b200000039 000000b209980000
0x000070000379a6c0:   8031c9f40f3d0034 0000000000000000
0x000070000379a6d0:   00007f840c63a980 0000700003fb29d8
0x000070000379a6e0:   000070000379a848 0000000000000000
0x000070000379a6f0:   000070000379a720 00000001099813d1
0x000070000379a700:   0000000000000000 000070000379a848
0x000070000379a710:   00007f840d801000 00007f840c63a980
0x000070000379a720:   000070000379a740 00000001099810b7
0x000070000379a730:   8031c9f40f3d0034 000070000379a848
0x000070000379a740:   000070000379a7e0 0000000109983581
0x000070000379a750:   0000000000000000 0000000000000000
0x000070000379a760:   0000003000000010 000070000379ac00
0x000070000379a770:   000070000379abd0 0000000000000000
0x000070000379a780:   0000000000000000 0000700003790100
0x000070000379a790:   0000000000000000 00007fff9691a6b8
0x000070000379a7a0:   ffffffffffffff00 0000000000000000
0x000070000379a7b0:   0000000109dfb53b 0000000000000000
0x000070000379a7c0:   000070000379a848 000070000379a848
0x000070000379a7d0:   00007f840d801000 000070000379a9e0
0x000070000379a7e0:   000070000379a830 0000000109c2b7d8
0x000070000379a7f0:   00007f840c708600 00007f840c63a920
0x000070000379a800:   00007f840c63a930 00007f840c63ad08
0x000070000379a810:   00000000000003d8 00007f840c5241a0
0x000070000379a820:   0000000000000062 000070000379a9e0 

Instructions: (pc=0x0000000109982bfe)
0x0000000109982bde:   8b 58 08 31 d2 48 89 df 89 ce e8 1f 19 f0 ff 48
0x0000000109982bee:   89 df 89 c6 e8 99 19 f0 ff 48 98 48 8b 44 c3 40
0x0000000109982bfe:   0f be 48 06 48 8d 05 4b b4 65 00 83 f9 49 7f 0a
0x0000000109982c0e:   0f b6 c9 83 f9 44 75 50 eb 55 0f be d1 83 fa 55 

VM_Operation (0x0000700003fb29d8): GetOrSetLocal, mode: safepoint, requested by thread 0x00007f840d14e800


---------------  P R O C E S S  ---------------

Threads class SMR info:
_java_thread_list=0x00007f840c52d950, length=13, elements={
0x00007f840d802800, 0x00007f840e09d000, 0x00007f840d824000, 0x00007f840d822000,
0x00007f840c806000, 0x00007f840d823000, 0x00007f840d829000, 0x00007f840d015000,
0x00007f840d14e800, 0x00007f840d04c800, 0x00007f840d065800, 0x00007f840d030000,
0x00007f840d068800
}

Java Threads: ( => current thread )
  0x00007f840d802800 JavaThread "main" [_thread_blocked, id=8963, stack(0x0000700002a77000,0x0000700002b77000)]
  0x00007f840e09d000 JavaThread "Reference Handler" daemon [_thread_blocked, id=17155, stack(0x000070000379e000,0x000070000389e000)]
  0x00007f840d824000 JavaThread "Finalizer" daemon [_thread_blocked, id=16643, stack(0x00007000038a1000,0x00007000039a1000)]
  0x00007f840d822000 JavaThread "Signal Dispatcher" daemon [_thread_blocked, id=22275, stack(0x00007000039a4000,0x0000700003aa4000)]
  0x00007f840c806000 JavaThread "C2 CompilerThread0" daemon [_thread_blocked, id=22787, stack(0x0000700003aa7000,0x0000700003ba7000)]
  0x00007f840d823000 JavaThread "C2 CompilerThread1" daemon [_thread_blocked, id=42243, stack(0x0000700003baa000,0x0000700003caa000)]
  0x00007f840d829000 JavaThread "C1 CompilerThread2" daemon [_thread_blocked, id=23555, stack(0x0000700003cad000,0x0000700003dad000)]
  0x00007f840d015000 JavaThread "Sweeper thread" daemon [_thread_blocked, id=24067, stack(0x0000700003db0000,0x0000700003eb0000)]
  0x00007f840d14e800 JavaThread "JDWP Transport Listener: dt_socket" daemon [_thread_blocked, id=24835, stack(0x0000700003eb3000,0x0000700003fb3000)] _threads_hazard_ptr=0x00007f840c52d950
  0x00007f840d04c800 JavaThread "JDWP Event Helper Thread" daemon [_thread_blocked, id=40963, stack(0x0000700003fb6000,0x00007000040b6000)]
  0x00007f840d065800 JavaThread "JDWP Command Reader" daemon [_thread_in_native, id=40451, stack(0x00007000040b9000,0x00007000041b9000)]
  0x00007f840d030000 JavaThread "Common-Cleaner" daemon [_thread_blocked, id=39939, stack(0x00007000041bc000,0x00007000042bc000)]
  0x00007f840d068800 JavaThread "Service Thread" daemon [_thread_blocked, id=39427, stack(0x00007000042bf000,0x00007000043bf000)]

Other Threads:
=>0x00007f840d801000 VMThread "VM Thread" [stack: 0x000070000369b000,0x000070000379b000] [id=13827]
  0x00007f840d8e4800 WatcherThread [stack: 0x00007000043c2000,0x00007000044c2000] [id=39171]
  0x00007f840e006800 GCTaskThread "GC Thread#0" [stack: 0x0000700002b7a000,0x0000700002c7a000] [id=20739]
  0x00007f840d80b800 GCTaskThread "GC Thread#1" [stack: 0x0000700002c7d000,0x0000700002d7d000] [id=20227]
  0x00007f840e007800 GCTaskThread "GC Thread#2" [stack: 0x0000700002d80000,0x0000700002e80000] [id=11267]
  0x00007f840e008000 GCTaskThread "GC Thread#3" [stack: 0x0000700002e83000,0x0000700002f83000] [id=11779]
  0x00007f840e031000 ConcurrentGCThread "G1 Main Marker" [stack: 0x0000700002f86000,0x0000700003086000] [id=12291]
  0x00007f840e032000 ConcurrentGCThread "G1 Conc#0" [stack: 0x0000700003089000,0x0000700003189000] [id=18947]
  0x00007f840e072800 ConcurrentGCThread "G1 Refine#0" [stack: 0x000070000318c000,0x000070000328c000] [id=12547]
  0x00007f840e073800 ConcurrentGCThread "G1 Refine#1" [stack: 0x000070000328f000,0x000070000338f000] [id=12803]
  0x00007f840e074000 ConcurrentGCThread "G1 Refine#2" [stack: 0x0000700003392000,0x0000700003492000] [id=17923]
  0x00007f840e075000 ConcurrentGCThread "G1 Refine#3" [stack: 0x0000700003495000,0x0000700003595000] [id=13059]
  0x00007f840e075800 ConcurrentGCThread "G1 Young RemSet Sampling" [stack: 0x0000700003598000,0x0000700003698000] [id=13315]

Threads with active compile tasks:

VM state:at safepoint (normal execution)

VM Mutex/Monitor currently owned by a thread:  ([mutex/lock_event])
[0x00007f840c407cc0] Threads_lock - owner thread: 0x00007f840d801000

Heap address: 0x0000000740000000, size: 2048 MB, Compressed Oops mode: Zero based, Oop shift amount: 3
Narrow klass base: 0x0000000000000000, Narrow klass shift: 3
Compressed class space size: 1073741824 Address: 0x00000007c0000000

Heap:
 garbage-first heap   total 131072K, used 6144K [0x0000000740000000, 0x00000007c0000000)
  region size 1024K, 7 young (7168K), 0 survivors (0K)
 Metaspace       used 9324K, capacity 9480K, committed 9856K, reserved 1058816K
  class space    used 769K, capacity 815K, committed 896K, reserved 1048576K
Heap Regions: E=young(eden), S=young(survivor), O=old, HS=humongous(starts), HC=humongous(continues), CS=collection set, F=free, A=archive, TS=gc time stamp, AC=allocation context, TAMS=top-at-mark-start (previous, next)
|   0|0x0000000740000000, 0x0000000740000000, 0x0000000740100000|  0%| F|  |TS  0|AC  0|TAMS 0x0000000740000000, 0x0000000740000000|
|   1|0x0000000740100000, 0x0000000740100000, 0x0000000740200000|  0%| F|  |TS  0|AC  0|TAMS 0x0000000740100000, 0x0000000740100000|
|   2|0x0000000740200000, 0x0000000740200000, 0x0000000740300000|  0%| F|  |TS  0|AC  0|TAMS 0x0000000740200000, 0x0000000740200000|
|   3|0x0000000740300000, 0x0000000740300000, 0x0000000740400000|  0%| F|  |TS  0|AC  0|TAMS 0x0000000740300000, 0x0000000740300000|
|   4|0x0000000740400000, 0x0000000740400000, 0x0000000740500000|  0%| F|  |TS  0|AC  0|TAMS 0x0000000740400000, 0x0000000740400000|
|   5|0x0000000740500000, 0x0000000740500000, 0x0000000740600000|  0%| F|  |TS  0|AC  0|TAMS 0x0000000740500000, 0x0000000740500000|
|   6|0x0000000740600000, 0x0000000740600000, 0x0000000740700000|  0%| F|  |TS  0|AC  0|TAMS 0x0000000740600000, 0x0000000740600000|
|   7|0x0000000740700000, 0x0000000740700000, 0x0000000740800000|  0%| F|  |TS  0|AC  0|TAMS 0x0000000740700000, 0x0000000740700000|
|   8|0x0000000740800000, 0x0000000740800000, 0x0000000740900000|  0%| F|  |TS  0|AC  0|TAMS 0x0000000740800000, 0x0000000740800000|
|   9|0x0000000740900000, 0x0000000740900000, 0x0000000740a00000|  0%| F|  |TS  0|AC  0|TAMS 0x0000000740900000, 0x0000000740900000|
|  10|0x0000000740a00000, 0x0000000740a00000, 0x0000000740b00000|  0%| F|  |TS  0|AC  0|TAMS 0x0000000740a00000, 0x0000000740a00000|
|  11|0x0000000740b00000, 0x0000000740b00000, 0x0000000740c00000|  0%| F|  |TS  0|AC  0|TAMS 0x0000000740b00000, 0x0000000740b00000|
|  12|0x0000000740c00000, 0x0000000740c00000, 0x0000000740d00000|  0%| F|  |TS  0|AC  0|TAMS 0x0000000740c00000, 0x0000000740c00000|
|  13|0x0000000740d00000, 0x0000000740d00000, 0x0000000740e00000|  0%| F|  |TS  0|AC  0|TAMS 0x0000000740d00000, 0x0000000740d00000|
|  14|0x0000000740e00000, 0x0000000740e00000, 0x0000000740f00000|  0%| F|  |TS  0|AC  0|TAMS 0x0000000740e00000, 0x0000000740e00000|
|  15|0x0000000740f00000, 0x0000000740f00000, 0x0000000741000000|  0%| F|  |TS  0|AC  0|TAMS 0x0000000740f00000, 0x0000000740f00000|
|  16|0x0000000741000000, 0x0000000741000000, 0x0000000741100000|  0%| F|  |TS  0|AC  0|TAMS 0x0000000741000000, 0x0000000741000000|
|  17|0x0000000741100000, 0x0000000741100000, 0x0000000741200000|  0%| F|  |TS  0|AC  0|TAMS 0x0000000741100000, 0x0000000741100000|
|  18|0x0000000741200000, 0x0000000741200000, 0x0000000741300000|  0%| F|  |TS  0|AC  0|TAMS 0x0000000741200000, 0x0000000741200000|
|  19|0x0000000741300000, 0x0000000741300000, 0x0000000741400000|  0%| F|  |TS  0|AC  0|TAMS 0x0000000741300000, 0x0000000741300000|
|  20|0x0000000741400000, 0x0000000741400000, 0x0000000741500000|  0%| F|  |TS  0|AC  0|TAMS 0x0000000741400000, 0x0000000741400000|
|  21|0x0000000741500000, 0x0000000741500000, 0x0000000741600000|  0%| F|  |TS  0|AC  0|TAMS 0x0000000741500000, 0x0000000741500000|
|  22|0x0000000741600000, 0x0000000741600000, 0x0000000741700000|  0%| F|  |TS  0|AC  0|TAMS 0x0000000741600000, 0x0000000741600000|
|  23|0x0000000741700000, 0x0000000741700000, 0x0000000741800000|  0%| F|  |TS  0|AC  0|TAMS 0x0000000741700000, 0x0000000741700000|
|  24|0x0000000741800000, 0x0000000741800000, 0x0000000741900000|  0%| F|  |TS  0|AC  0|TAMS 0x0000000741800000, 0x0000000741800000|
|  25|0x0000000741900000, 0x0000000741900000, 0x0000000741a00000|  0%| F|  |TS  0|AC  0|TAMS 0x0000000741900000, 0x0000000741900000|
|  26|0x0000000741a00000, 0x0000000741a00000, 0x0000000741b00000|  0%| F|  |TS  0|AC  0|TAMS 0x0000000741a00000, 0x0000000741a00000|
|  27|0x0000000741b00000, 0x0000000741b00000, 0x0000000741c00000|  0%| F|  |TS  0|AC  0|TAMS 0x0000000741b00000, 0x0000000741b00000|
|  28|0x0000000741c00000, 0x0000000741c00000, 0x0000000741d00000|  0%| F|  |TS  0|AC  0|TAMS 0x0000000741c00000, 0x0000000741c00000|
|  29|0x0000000741d00000, 0x0000000741d00000, 0x0000000741e00000|  0%| F|  |TS  0|AC  0|TAMS 0x0000000741d00000, 0x0000000741d00000|
|  30|0x0000000741e00000, 0x0000000741e00000, 0x0000000741f00000|  0%| F|  |TS  0|AC  0|TAMS 0x0000000741e00000, 0x0000000741e00000|
|  31|0x0000000741f00000, 0x0000000741f00000, 0x0000000742000000|  0%| F|  |TS  0|AC  0|TAMS 0x0000000741f00000, 0x0000000741f00000|
|  32|0x0000000742000000, 0x0000000742000000, 0x0000000742100000|  0%| F|  |TS  0|AC  0|TAMS 0x0000000742000000, 0x0000000742000000|
|  33|0x0000000742100000, 0x0000000742100000, 0x0000000742200000|  0%| F|  |TS  0|AC  0|TAMS 0x0000000742100000, 0x0000000742100000|
|  34|0x0000000742200000, 0x0000000742200000, 0x0000000742300000|  0%| F|  |TS  0|AC  0|TAMS 0x0000000742200000, 0x0000000742200000|
|  35|0x0000000742300000, 0x0000000742300000, 0x0000000742400000|  0%| F|  |TS  0|AC  0|TAMS 0x0000000742300000, 0x0000000742300000|
|  36|0x0000000742400000, 0x0000000742400000, 0x0000000742500000|  0%| F|  |TS  0|AC  0|TAMS 0x0000000742400000, 0x0000000742400000|
|  37|0x0000000742500000, 0x0000000742500000, 0x0000000742600000|  0%| F|  |TS  0|AC  0|TAMS 0x0000000742500000, 0x0000000742500000|
|  38|0x0000000742600000, 0x0000000742600000, 0x0000000742700000|  0%| F|  |TS  0|AC  0|TAMS 0x0000000742600000, 0x0000000742600000|
|  39|0x0000000742700000, 0x0000000742700000, 0x0000000742800000|  0%| F|  |TS  0|AC  0|TAMS 0x0000000742700000, 0x0000000742700000|
|  40|0x0000000742800000, 0x0000000742800000, 0x0000000742900000|  0%| F|  |TS  0|AC  0|TAMS 0x0000000742800000, 0x0000000742800000|
|  41|0x0000000742900000, 0x0000000742900000, 0x0000000742a00000|  0%| F|  |TS  0|AC  0|TAMS 0x0000000742900000, 0x0000000742900000|
|  42|0x0000000742a00000, 0x0000000742a00000, 0x0000000742b00000|  0%| F|  |TS  0|AC  0|TAMS 0x0000000742a00000, 0x0000000742a00000|
|  43|0x0000000742b00000, 0x0000000742b00000, 0x0000000742c00000|  0%| F|  |TS  0|AC  0|TAMS 0x0000000742b00000, 0x0000000742b00000|
|  44|0x0000000742c00000, 0x0000000742c00000, 0x0000000742d00000|  0%| F|  |TS  0|AC  0|TAMS 0x0000000742c00000, 0x0000000742c00000|
|  45|0x0000000742d00000, 0x0000000742d00000, 0x0000000742e00000|  0%| F|  |TS  0|AC  0|TAMS 0x0000000742d00000, 0x0000000742d00000|
|  46|0x0000000742e00000, 0x0000000742e00000, 0x0000000742f00000|  0%| F|  |TS  0|AC  0|TAMS 0x0000000742e00000, 0x0000000742e00000|
|  47|0x0000000742f00000, 0x0000000742f00000, 0x0000000743000000|  0%| F|  |TS  0|AC  0|TAMS 0x0000000742f00000, 0x0000000742f00000|
|  48|0x0000000743000000, 0x0000000743000000, 0x0000000743100000|  0%| F|  |TS  0|AC  0|TAMS 0x0000000743000000, 0x0000000743000000|
|  49|0x0000000743100000, 0x0000000743100000, 0x0000000743200000|  0%| F|  |TS  0|AC  0|TAMS 0x0000000743100000, 0x0000000743100000|
|  50|0x0000000743200000, 0x0000000743200000, 0x0000000743300000|  0%| F|  |TS  0|AC  0|TAMS 0x0000000743200000, 0x0000000743200000|
|  51|0x0000000743300000, 0x0000000743300000, 0x0000000743400000|  0%| F|  |TS  0|AC  0|TAMS 0x0000000743300000, 0x0000000743300000|
|  52|0x0000000743400000, 0x0000000743400000, 0x0000000743500000|  0%| F|  |TS  0|AC  0|TAMS 0x0000000743400000, 0x0000000743400000|
|  53|0x0000000743500000, 0x0000000743500000, 0x0000000743600000|  0%| F|  |TS  0|AC  0|TAMS 0x0000000743500000, 0x0000000743500000|
|  54|0x0000000743600000, 0x0000000743600000, 0x0000000743700000|  0%| F|  |TS  0|AC  0|TAMS 0x0000000743600000, 0x0000000743600000|
|  55|0x0000000743700000, 0x0000000743700000, 0x0000000743800000|  0%| F|  |TS  0|AC  0|TAMS 0x0000000743700000, 0x0000000743700000|
|  56|0x0000000743800000, 0x0000000743800000, 0x0000000743900000|  0%| F|  |TS  0|AC  0|TAMS 0x0000000743800000, 0x0000000743800000|
|  57|0x0000000743900000, 0x0000000743900000, 0x0000000743a00000|  0%| F|  |TS  0|AC  0|TAMS 0x0000000743900000, 0x0000000743900000|
|  58|0x0000000743a00000, 0x0000000743a00000, 0x0000000743b00000|  0%| F|  |TS  0|AC  0|TAMS 0x0000000743a00000, 0x0000000743a00000|
|  59|0x0000000743b00000, 0x0000000743b00000, 0x0000000743c00000|  0%| F|  |TS  0|AC  0|TAMS 0x0000000743b00000, 0x0000000743b00000|
|  60|0x0000000743c00000, 0x0000000743c00000, 0x0000000743d00000|  0%| F|  |TS  0|AC  0|TAMS 0x0000000743c00000, 0x0000000743c00000|
|  61|0x0000000743d00000, 0x0000000743d00000, 0x0000000743e00000|  0%| F|  |TS  0|AC  0|TAMS 0x0000000743d00000, 0x0000000743d00000|
|  62|0x0000000743e00000, 0x0000000743e00000, 0x0000000743f00000|  0%| F|  |TS  0|AC  0|TAMS 0x0000000743e00000, 0x0000000743e00000|
|  63|0x0000000743f00000, 0x0000000743f00000, 0x0000000744000000|  0%| F|  |TS  0|AC  0|TAMS 0x0000000743f00000, 0x0000000743f00000|
|  64|0x0000000744000000, 0x0000000744000000, 0x0000000744100000|  0%| F|  |TS  0|AC  0|TAMS 0x0000000744000000, 0x0000000744000000|
|  65|0x0000000744100000, 0x0000000744100000, 0x0000000744200000|  0%| F|  |TS  0|AC  0|TAMS 0x0000000744100000, 0x0000000744100000|
|  66|0x0000000744200000, 0x0000000744200000, 0x0000000744300000|  0%| F|  |TS  0|AC  0|TAMS 0x0000000744200000, 0x0000000744200000|
|  67|0x0000000744300000, 0x0000000744300000, 0x0000000744400000|  0%| F|  |TS  0|AC  0|TAMS 0x0000000744300000, 0x0000000744300000|
|  68|0x0000000744400000, 0x0000000744400000, 0x0000000744500000|  0%| F|  |TS  0|AC  0|TAMS 0x0000000744400000, 0x0000000744400000|
|  69|0x0000000744500000, 0x0000000744500000, 0x0000000744600000|  0%| F|  |TS  0|AC  0|TAMS 0x0000000744500000, 0x0000000744500000|
|  70|0x0000000744600000, 0x0000000744600000, 0x0000000744700000|  0%| F|  |TS  0|AC  0|TAMS 0x0000000744600000, 0x0000000744600000|
|  71|0x0000000744700000, 0x0000000744700000, 0x0000000744800000|  0%| F|  |TS  0|AC  0|TAMS 0x0000000744700000, 0x0000000744700000|
|  72|0x0000000744800000, 0x0000000744800000, 0x0000000744900000|  0%| F|  |TS  0|AC  0|TAMS 0x0000000744800000, 0x0000000744800000|
|  73|0x0000000744900000, 0x0000000744900000, 0x0000000744a00000|  0%| F|  |TS  0|AC  0|TAMS 0x0000000744900000, 0x0000000744900000|
|  74|0x0000000744a00000, 0x0000000744a00000, 0x0000000744b00000|  0%| F|  |TS  0|AC  0|TAMS 0x0000000744a00000, 0x0000000744a00000|
|  75|0x0000000744b00000, 0x0000000744b00000, 0x0000000744c00000|  0%| F|  |TS  0|AC  0|TAMS 0x0000000744b00000, 0x0000000744b00000|
|  76|0x0000000744c00000, 0x0000000744c00000, 0x0000000744d00000|  0%| F|  |TS  0|AC  0|TAMS 0x0000000744c00000, 0x0000000744c00000|
|  77|0x0000000744d00000, 0x0000000744d00000, 0x0000000744e00000|  0%| F|  |TS  0|AC  0|TAMS 0x0000000744d00000, 0x0000000744d00000|
|  78|0x0000000744e00000, 0x0000000744e00000, 0x0000000744f00000|  0%| F|  |TS  0|AC  0|TAMS 0x0000000744e00000, 0x0000000744e00000|
|  79|0x0000000744f00000, 0x0000000744f00000, 0x0000000745000000|  0%| F|  |TS  0|AC  0|TAMS 0x0000000744f00000, 0x0000000744f00000|
|  80|0x0000000745000000, 0x0000000745000000, 0x0000000745100000|  0%| F|  |TS  0|AC  0|TAMS 0x0000000745000000, 0x0000000745000000|
|  81|0x0000000745100000, 0x0000000745100000, 0x0000000745200000|  0%| F|  |TS  0|AC  0|TAMS 0x0000000745100000, 0x0000000745100000|
|  82|0x0000000745200000, 0x0000000745200000, 0x0000000745300000|  0%| F|  |TS  0|AC  0|TAMS 0x0000000745200000, 0x0000000745200000|
|  83|0x0000000745300000, 0x0000000745300000, 0x0000000745400000|  0%| F|  |TS  0|AC  0|TAMS 0x0000000745300000, 0x0000000745300000|
|  84|0x0000000745400000, 0x0000000745400000, 0x0000000745500000|  0%| F|  |TS  0|AC  0|TAMS 0x0000000745400000, 0x0000000745400000|
|  85|0x0000000745500000, 0x0000000745500000, 0x0000000745600000|  0%| F|  |TS  0|AC  0|TAMS 0x0000000745500000, 0x0000000745500000|
|  86|0x0000000745600000, 0x0000000745600000, 0x0000000745700000|  0%| F|  |TS  0|AC  0|TAMS 0x0000000745600000, 0x0000000745600000|
|  87|0x0000000745700000, 0x0000000745700000, 0x0000000745800000|  0%| F|  |TS  0|AC  0|TAMS 0x0000000745700000, 0x0000000745700000|
|  88|0x0000000745800000, 0x0000000745800000, 0x0000000745900000|  0%| F|  |TS  0|AC  0|TAMS 0x0000000745800000, 0x0000000745800000|
|  89|0x0000000745900000, 0x0000000745900000, 0x0000000745a00000|  0%| F|  |TS  0|AC  0|TAMS 0x0000000745900000, 0x0000000745900000|
|  90|0x0000000745a00000, 0x0000000745a00000, 0x0000000745b00000|  0%| F|  |TS  0|AC  0|TAMS 0x0000000745a00000, 0x0000000745a00000|
|  91|0x0000000745b00000, 0x0000000745b00000, 0x0000000745c00000|  0%| F|  |TS  0|AC  0|TAMS 0x0000000745b00000, 0x0000000745b00000|
|  92|0x0000000745c00000, 0x0000000745c00000, 0x0000000745d00000|  0%| F|  |TS  0|AC  0|TAMS 0x0000000745c00000, 0x0000000745c00000|
|  93|0x0000000745d00000, 0x0000000745d00000, 0x0000000745e00000|  0%| F|  |TS  0|AC  0|TAMS 0x0000000745d00000, 0x0000000745d00000|
|  94|0x0000000745e00000, 0x0000000745e00000, 0x0000000745f00000|  0%| F|  |TS  0|AC  0|TAMS 0x0000000745e00000, 0x0000000745e00000|
|  95|0x0000000745f00000, 0x0000000745f00000, 0x0000000746000000|  0%| F|  |TS  0|AC  0|TAMS 0x0000000745f00000, 0x0000000745f00000|
|  96|0x0000000746000000, 0x0000000746000000, 0x0000000746100000|  0%| F|  |TS  0|AC  0|TAMS 0x0000000746000000, 0x0000000746000000|
|  97|0x0000000746100000, 0x0000000746100000, 0x0000000746200000|  0%| F|  |TS  0|AC  0|TAMS 0x0000000746100000, 0x0000000746100000|
|  98|0x0000000746200000, 0x0000000746200000, 0x0000000746300000|  0%| F|  |TS  0|AC  0|TAMS 0x0000000746200000, 0x0000000746200000|
|  99|0x0000000746300000, 0x0000000746300000, 0x0000000746400000|  0%| F|  |TS  0|AC  0|TAMS 0x0000000746300000, 0x0000000746300000|
| 100|0x0000000746400000, 0x0000000746400000, 0x0000000746500000|  0%| F|  |TS  0|AC  0|TAMS 0x0000000746400000, 0x0000000746400000|
| 101|0x0000000746500000, 0x0000000746500000, 0x0000000746600000|  0%| F|  |TS  0|AC  0|TAMS 0x0000000746500000, 0x0000000746500000|
| 102|0x0000000746600000, 0x0000000746600000, 0x0000000746700000|  0%| F|  |TS  0|AC  0|TAMS 0x0000000746600000, 0x0000000746600000|
| 103|0x0000000746700000, 0x0000000746700000, 0x0000000746800000|  0%| F|  |TS  0|AC  0|TAMS 0x0000000746700000, 0x0000000746700000|
| 104|0x0000000746800000, 0x0000000746800000, 0x0000000746900000|  0%| F|  |TS  0|AC  0|TAMS 0x0000000746800000, 0x0000000746800000|
| 105|0x0000000746900000, 0x0000000746900000, 0x0000000746a00000|  0%| F|  |TS  0|AC  0|TAMS 0x0000000746900000, 0x0000000746900000|
| 106|0x0000000746a00000, 0x0000000746a00000, 0x0000000746b00000|  0%| F|  |TS  0|AC  0|TAMS 0x0000000746a00000, 0x0000000746a00000|
| 107|0x0000000746b00000, 0x0000000746b00000, 0x0000000746c00000|  0%| F|  |TS  0|AC  0|TAMS 0x0000000746b00000, 0x0000000746b00000|
| 108|0x0000000746c00000, 0x0000000746c00000, 0x0000000746d00000|  0%| F|  |TS  0|AC  0|TAMS 0x0000000746c00000, 0x0000000746c00000|
| 109|0x0000000746d00000, 0x0000000746d00000, 0x0000000746e00000|  0%| F|  |TS  0|AC  0|TAMS 0x0000000746d00000, 0x0000000746d00000|
| 110|0x0000000746e00000, 0x0000000746e00000, 0x0000000746f00000|  0%| F|  |TS  0|AC  0|TAMS 0x0000000746e00000, 0x0000000746e00000|
| 111|0x0000000746f00000, 0x0000000746f00000, 0x0000000747000000|  0%| F|  |TS  0|AC  0|TAMS 0x0000000746f00000, 0x0000000746f00000|
| 112|0x0000000747000000, 0x0000000747000000, 0x0000000747100000|  0%| F|  |TS  0|AC  0|TAMS 0x0000000747000000, 0x0000000747000000|
| 113|0x0000000747100000, 0x0000000747100000, 0x0000000747200000|  0%| F|  |TS  0|AC  0|TAMS 0x0000000747100000, 0x0000000747100000|
| 114|0x0000000747200000, 0x0000000747200000, 0x0000000747300000|  0%| F|  |TS  0|AC  0|TAMS 0x0000000747200000, 0x0000000747200000|
| 115|0x0000000747300000, 0x0000000747300000, 0x0000000747400000|  0%| F|  |TS  0|AC  0|TAMS 0x0000000747300000, 0x0000000747300000|
| 116|0x0000000747400000, 0x0000000747400000, 0x0000000747500000|  0%| F|  |TS  0|AC  0|TAMS 0x0000000747400000, 0x0000000747400000|
| 117|0x0000000747500000, 0x0000000747500000, 0x0000000747600000|  0%| F|  |TS  0|AC  0|TAMS 0x0000000747500000, 0x0000000747500000|
| 118|0x0000000747600000, 0x0000000747600000, 0x0000000747700000|  0%| F|  |TS  0|AC  0|TAMS 0x0000000747600000, 0x0000000747600000|
| 119|0x0000000747700000, 0x0000000747700000, 0x0000000747800000|  0%| F|  |TS  0|AC  0|TAMS 0x0000000747700000, 0x0000000747700000|
| 120|0x0000000747800000, 0x0000000747800000, 0x0000000747900000|  0%| F|  |TS  0|AC  0|TAMS 0x0000000747800000, 0x0000000747800000|
| 121|0x0000000747900000, 0x0000000747992d38, 0x0000000747a00000| 57%| E|  |TS  0|AC  0|TAMS 0x0000000747900000, 0x0000000747900000|
| 122|0x0000000747a00000, 0x0000000747b00000, 0x0000000747b00000|100%| E|CS|TS  0|AC  0|TAMS 0x0000000747a00000, 0x0000000747a00000|
| 123|0x0000000747b00000, 0x0000000747c00000, 0x0000000747c00000|100%| E|CS|TS  0|AC  0|TAMS 0x0000000747b00000, 0x0000000747b00000|
| 124|0x0000000747c00000, 0x0000000747d00000, 0x0000000747d00000|100%| E|CS|TS  0|AC  0|TAMS 0x0000000747c00000, 0x0000000747c00000|
| 125|0x0000000747d00000, 0x0000000747e00000, 0x0000000747e00000|100%| E|CS|TS  0|AC  0|TAMS 0x0000000747d00000, 0x0000000747d00000|
| 126|0x0000000747e00000, 0x0000000747f00000, 0x0000000747f00000|100%| E|CS|TS  0|AC  0|TAMS 0x0000000747e00000, 0x0000000747e00000|
| 127|0x0000000747f00000, 0x0000000748000000, 0x0000000748000000|100%| E|CS|TS  0|AC  0|TAMS 0x0000000747f00000, 0x0000000747f00000|

Card table byte_map: [0x000000010ae03000,0x000000010b203000] byte_map_base: 0x0000000107403000

Marking Bits (Prev, Next): (CMBitMap*) 0x00007f840e030860, (CMBitMap*) 0x00007f840e030898
 Prev Bits: [0x000000010b603000, 0x000000010d603000)
 Next Bits: [0x000000010d603000, 0x000000010f603000)

Polling page: 0x0000000108d9a000

CodeHeap 'non-profiled nmethods': size=120032Kb used=125Kb max_used=139Kb free=119906Kb
 bounds [0x000000012500b000, 0x000000012527b000, 0x000000012c543000]
CodeHeap 'profiled nmethods': size=120032Kb used=604Kb max_used=604Kb free=119428Kb
 bounds [0x000000011dad3000, 0x000000011dd43000, 0x000000012500b000]
CodeHeap 'non-nmethods': size=5696Kb used=1116Kb max_used=1127Kb free=4580Kb
 bounds [0x000000011d543000, 0x000000011d7b3000, 0x000000011dad3000]
 total_blobs=931 nmethods=399 adapters=276
 compilation: enabled

Compilation events (10 events):
Event: 701.681 Thread 0x00007f840d829000  446       3       java.lang.StringUTF16::charAt (11 bytes)
Event: 701.682 Thread 0x00007f840d829000 nmethod 446 0x000000011db01b10 code [0x000000011db01ce0, 0x000000011db01f28]
Event: 701.682 Thread 0x00007f840d829000  447       3       java.lang.StringUTF16::checkIndex (9 bytes)
Event: 701.682 Thread 0x00007f840d829000 nmethod 447 0x000000011daec490 code [0x000000011daec660, 0x000000011daec848]
Event: 701.682 Thread 0x00007f840d829000  448       3       org.eclipse.jdt.launching.internal.org.objectweb.asm.MethodWriter::visitMethodInsn (191 bytes)
Event: 701.683 Thread 0x00007f840d829000 nmethod 448 0x000000011db36110 code [0x000000011db36360, 0x000000011db36ca8]
Event: 701.685 Thread 0x00007f840d829000  449       3       org.eclipse.jdt.launching.internal.org.objectweb.asm.ClassReader::readConst (265 bytes)
Event: 701.693 Thread 0x00007f840d829000 nmethod 449 0x000000011db67090 code [0x000000011db675e0, 0x000000011db6a0f8]
Event: 701.693 Thread 0x00007f840d829000  450       3       org.eclipse.jdt.launching.internal.org.objectweb.asm.SymbolTable::addConstant (297 bytes)
Event: 701.698 Thread 0x00007f840d829000 nmethod 450 0x000000011db6b390 code [0x000000011db6b8e0, 0x000000011db6eab8]

GC Heap History (0 events):
No events

Deoptimization events (5 events):
Event: 0.225 Thread 0x00007f840d802800 Uncommon trap: reason=unstable_if action=reinterpret pc=0x00000001250166d4 method=java.util.HashMap.putVal(ILjava/lang/Object;Ljava/lang/Object;ZZ)Ljava/lang/Object; @ 69 c2
Event: 0.340 Thread 0x00007f840d802800 Uncommon trap: reason=unstable_if action=reinterpret pc=0x000000012500df04 method=java.lang.String.hashCode()I @ 14 c2
Event: 0.491 Thread 0x00007f840d802800 Uncommon trap: reason=unstable_if action=reinterpret pc=0x000000012501880c method=java.util.HashMap.putVal(ILjava/lang/Object;Ljava/lang/Object;ZZ)Ljava/lang/Object; @ 69 c2
Event: 0.564 Thread 0x00007f840d802800 Uncommon trap: reason=unstable_if action=reinterpret pc=0x000000012501e070 method=java.lang.String.isLatin1()Z @ 10 c2
Event: 0.564 Thread 0x00007f840d802800 Uncommon trap: reason=unstable_if action=reinterpret pc=0x000000012500fafc method=java.lang.String.isLatin1()Z @ 10 c2

Classes redefined (5 events):
Event: 194.852 Thread 0x00007f840d801000 redefined class name=Game, count=1
Event: 248.623 Thread 0x00007f840d801000 redefined class name=Game, count=2
Event: 539.443 Thread 0x00007f840d801000 redefined class name=Game, count=3
Event: 644.782 Thread 0x00007f840d801000 redefined class name=Game, count=4
Event: 701.687 Thread 0x00007f840d801000 redefined class name=Game, count=5

Internal exceptions (3 events):
Event: 6.186 Thread 0x00007f840d802800 Exception <a 'java/lang/NoSuchMethodError'{0x0000000747bdc650}: java.lang.Object.lambda$negate$3(I)Z> (0x0000000747bdc650) thrown at [/scratch/mesos/slaves/9190d864-6621-4810-ba08-d8d8c75ba674-S34/frameworks/1735e8a2-a1db-478c-8104-60c8b0af87dd-0196/execu
Event: 6.207 Thread 0x00007f840d802800 Exception <a 'java/lang/NoSuchMethodError'{0x0000000747bdf970}: java.lang.Object.lambda$and$0(Ljava/util/regex/Pattern$CharPredicate;I)Z> (0x0000000747bdf970) thrown at [/scratch/mesos/slaves/9190d864-6621-4810-ba08-d8d8c75ba674-S34/frameworks/1735e8a2-a1
Event: 10.395 Thread 0x00007f840d802800 Exception <a 'java/lang/NoSuchMethodError'{0x0000000747acc158}: java.lang.Object.lambda$union$2(Ljava/util/regex/Pattern$CharPredicate;I)Z> (0x0000000747acc158) thrown at [/scratch/mesos/slaves/9190d864-6621-4810-ba08-d8d8c75ba674-S34/frameworks/1735e8a2-

Events (10 events):
Event: 842.689 Executing VM operation: GetCurrentContendedMonitor done
Event: 842.689 Executing VM operation: GetOwnedMonitorInfo
Event: 842.689 Executing VM operation: GetOwnedMonitorInfo done
Event: 842.689 Executing VM operation: GetCurrentContendedMonitor
Event: 842.689 Executing VM operation: GetCurrentContendedMonitor done
Event: 842.691 Executing VM operation: GetCurrentContendedMonitor
Event: 842.691 Executing VM operation: GetCurrentContendedMonitor done
Event: 842.691 Executing VM operation: GetOwnedMonitorInfo
Event: 842.691 Executing VM operation: GetOwnedMonitorInfo done
Event: 842.903 Executing VM operation: GetOrSetLocal


Dynamic libraries:
0x00007fff36093000 	/System/Library/Frameworks/Cocoa.framework/Versions/A/Cocoa
0x00007fff42352000 	/System/Library/Frameworks/Security.framework/Versions/A/Security
0x00007fff34c9a000 	/System/Library/Frameworks/ApplicationServices.framework/Versions/A/ApplicationServices
0x00007fff63941000 	/usr/lib/libz.1.dylib
0x00007fff60fb6000 	/usr/lib/libSystem.B.dylib
0x00007fff368b6000 	/System/Library/Frameworks/CoreFoundation.framework/Versions/A/CoreFoundation
0x00007fff38c3b000 	/System/Library/Frameworks/Foundation.framework/Versions/C/Foundation
0x00007fff62a5e000 	/usr/lib/libobjc.A.dylib
0x00007fff33e27000 	/System/Library/Frameworks/AppKit.framework/Versions/C/AppKit
0x00007fff3642a000 	/System/Library/Frameworks/CoreData.framework/Versions/A/CoreData
0x00007fff5a184000 	/System/Library/PrivateFrameworks/RemoteViewServices.framework/Versions/A/RemoteViewServices
0x00007fff5ec84000 	/System/Library/PrivateFrameworks/UIFoundation.framework/Versions/A/UIFoundation
0x00007fff6043c000 	/System/Library/PrivateFrameworks/XCTTargetBootstrap.framework/Versions/A/XCTTargetBootstrap
0x00007fff54c87000 	/System/Library/PrivateFrameworks/IconServices.framework/Versions/A/IconServices
0x00007fff3b505000 	/System/Library/Frameworks/Metal.framework/Versions/A/Metal
0x00007fff4be89000 	/System/Library/PrivateFrameworks/DesktopServicesPriv.framework/Versions/A/DesktopServicesPriv
0x00007fff61d71000 	/usr/lib/libenergytrace.dylib
0x00007fff5c9f5000 	/System/Library/PrivateFrameworks/SkyLight.framework/Versions/A/SkyLight
0x00007fff36d05000 	/System/Library/Frameworks/CoreGraphics.framework/Versions/A/CoreGraphics
0x00007fff32be2000 	/System/Library/Frameworks/Accelerate.framework/Versions/A/Accelerate
0x00007fff393c5000 	/System/Library/Frameworks/IOSurface.framework/Versions/A/IOSurface
0x00007fff4bceb000 	/System/Library/PrivateFrameworks/DFRFoundation.framework/Versions/A/DFRFoundation
0x00007fff3519f000 	/System/Library/Frameworks/AudioToolbox.framework/Versions/A/AudioToolbox
0x00007fff3543e000 	/System/Library/Frameworks/AudioUnit.framework/Versions/A/AudioUnit
0x00007fff4bd82000 	/System/Library/PrivateFrameworks/DataDetectorsCore.framework/Versions/A/DataDetectorsCore
0x00007fff35b7d000 	/System/Library/Frameworks/Carbon.framework/Versions/A/Frameworks/HIToolbox.framework/Versions/A/HIToolbox
0x00007fff61ecc000 	/usr/lib/libicucore.A.dylib
0x00007fff418a5000 	/System/Library/Frameworks/QuartzCore.framework/Versions/A/QuartzCore
0x00007fff35f64000 	/System/Library/Frameworks/Carbon.framework/Versions/A/Frameworks/SpeechRecognition.framework/Versions/A/SpeechRecognition
0x00007fff61119000 	/usr/lib/libauto.dylib
0x00007fff63834000 	/usr/lib/libxml2.2.dylib
0x00007fff4b8ea000 	/System/Library/PrivateFrameworks/CoreUI.framework/Versions/A/CoreUI
0x00007fff36308000 	/System/Library/Frameworks/CoreAudio.framework/Versions/A/CoreAudio
0x00007fff38a6d000 	/System/Library/Frameworks/DiskArbitration.framework/Versions/A/DiskArbitration
0x00007fff6217c000 	/usr/lib/liblangid.dylib
0x00007fff56137000 	/System/Library/PrivateFrameworks/MultitouchSupport.framework/Versions/A/MultitouchSupport
0x00007fff39330000 	/System/Library/Frameworks/IOKit.framework/Versions/A/IOKit
0x00007fff60c04000 	/usr/lib/libDiagnosticMessagesClient.dylib
0x00007fff37b73000 	/System/Library/Frameworks/CoreServices.framework/Versions/A/CoreServices
0x00007fff57e6d000 	/System/Library/PrivateFrameworks/PerformanceAnalysis.framework/Versions/A/PerformanceAnalysis
0x00007fff40a3a000 	/System/Library/Frameworks/OpenGL.framework/Versions/A/OpenGL
0x00007fff360a1000 	/System/Library/Frameworks/ColorSync.framework/Versions/A/ColorSync
0x00007fff37394000 	/System/Library/Frameworks/CoreImage.framework/Versions/A/CoreImage
0x00007fff385b6000 	/System/Library/Frameworks/CoreText.framework/Versions/A/CoreText
0x00007fff39426000 	/System/Library/Frameworks/ImageIO.framework/Versions/A/ImageIO
0x00007fff47f25000 	/System/Library/PrivateFrameworks/Backup.framework/Versions/A/Backup
0x00007fff6106c000 	/usr/lib/libarchive.2.dylib
0x00007fff357a2000 	/System/Library/Frameworks/CFNetwork.framework/Versions/A/CFNetwork
0x00007fff42afd000 	/System/Library/Frameworks/SystemConfiguration.framework/Versions/A/SystemConfiguration
0x00007fff60b2d000 	/usr/lib/libCRFSuite.dylib
0x00007fff61210000 	/usr/lib/libc++.1.dylib
0x00007fff61268000 	/usr/lib/libc++abi.dylib
0x00007fff639c4000 	/usr/lib/system/libcache.dylib
0x00007fff639c9000 	/usr/lib/system/libcommonCrypto.dylib
0x00007fff639d4000 	/usr/lib/system/libcompiler_rt.dylib
0x00007fff639dc000 	/usr/lib/system/libcopyfile.dylib
0x00007fff639e6000 	/usr/lib/system/libcorecrypto.dylib
0x00007fff63af1000 	/usr/lib/system/libdispatch.dylib
0x00007fff63b2c000 	/usr/lib/system/libdyld.dylib
0x00007fff63b5c000 	/usr/lib/system/libkeymgr.dylib
0x00007fff63b6a000 	/usr/lib/system/liblaunch.dylib
0x00007fff63b6b000 	/usr/lib/system/libmacho.dylib
0x00007fff63b71000 	/usr/lib/system/libquarantine.dylib
0x00007fff63b74000 	/usr/lib/system/libremovefile.dylib
0x00007fff63b76000 	/usr/lib/system/libsystem_asl.dylib
0x00007fff63b8e000 	/usr/lib/system/libsystem_blocks.dylib
0x00007fff63b8f000 	/usr/lib/system/libsystem_c.dylib
0x00007fff63c18000 	/usr/lib/system/libsystem_configuration.dylib
0x00007fff63c1c000 	/usr/lib/system/libsystem_coreservices.dylib
0x00007fff63c20000 	/usr/lib/system/libsystem_darwin.dylib
0x00007fff63c27000 	/usr/lib/system/libsystem_dnssd.dylib
0x00007fff63c2e000 	/usr/lib/system/libsystem_info.dylib
0x00007fff63ca4000 	/usr/lib/system/libsystem_m.dylib
0x00007fff63cf0000 	/usr/lib/system/libsystem_malloc.dylib
0x00007fff63d15000 	/usr/lib/system/libsystem_networkextension.dylib
0x00007fff63d21000 	/usr/lib/system/libsystem_notify.dylib
0x00007fff63d3e000 	/usr/lib/system/libsystem_sandbox.dylib
0x00007fff63d42000 	/usr/lib/system/libsystem_secinit.dylib
0x00007fff63c7b000 	/usr/lib/system/libsystem_kernel.dylib
0x00007fff63d29000 	/usr/lib/system/libsystem_platform.dylib
0x00007fff63d33000 	/usr/lib/system/libsystem_pthread.dylib
0x00007fff63d45000 	/usr/lib/system/libsystem_symptoms.dylib
0x00007fff63d4d000 	/usr/lib/system/libsystem_trace.dylib
0x00007fff63d64000 	/usr/lib/system/libunwind.dylib
0x00007fff63d6a000 	/usr/lib/system/libxpc.dylib
0x00007fff611f0000 	/usr/lib/libbsm.0.dylib
0x00007fff63b5d000 	/usr/lib/system/libkxld.dylib
0x00007fff471d2000 	/System/Library/PrivateFrameworks/AppleFSCompression.framework/Versions/A/AppleFSCompression
0x00007fff60e75000 	/usr/lib/libOpenScriptingUtil.dylib
0x00007fff61553000 	/usr/lib/libcoretls.dylib
0x00007fff6156a000 	/usr/lib/libcoretls_cfhelpers.dylib
0x00007fff631f7000 	/usr/lib/libpam.2.dylib
0x00007fff633ba000 	/usr/lib/libsqlite3.dylib
0x00007fff63822000 	/usr/lib/libxar.1.dylib
0x00007fff61201000 	/usr/lib/libbz2.1.0.dylib
0x00007fff6217e000 	/usr/lib/liblzma.5.dylib
0x00007fff62674000 	/usr/lib/libnetwork.dylib
0x00007fff61055000 	/usr/lib/libapple_nghttp2.dylib
0x00007fff631fe000 	/usr/lib/libpcap.A.dylib
0x00007fff37f17000 	/System/Library/Frameworks/CoreServices.framework/Versions/A/Frameworks/FSEvents.framework/Versions/A/FSEvents
0x00007fff37bf3000 	/System/Library/Frameworks/CoreServices.framework/Versions/A/Frameworks/CarbonCore.framework/Versions/A/CarbonCore
0x00007fff380ec000 	/System/Library/Frameworks/CoreServices.framework/Versions/A/Frameworks/Metadata.framework/Versions/A/Metadata
0x00007fff3818f000 	/System/Library/Frameworks/CoreServices.framework/Versions/A/Frameworks/OSServices.framework/Versions/A/OSServices
0x00007fff381db000 	/System/Library/Frameworks/CoreServices.framework/Versions/A/Frameworks/SearchKit.framework/Versions/A/SearchKit
0x00007fff37b74000 	/System/Library/Frameworks/CoreServices.framework/Versions/A/Frameworks/AE.framework/Versions/A/AE
0x00007fff37f20000 	/System/Library/Frameworks/CoreServices.framework/Versions/A/Frameworks/LaunchServices.framework/Versions/A/LaunchServices
0x00007fff37ecc000 	/System/Library/Frameworks/CoreServices.framework/Versions/A/Frameworks/DictionaryServices.framework/Versions/A/DictionaryServices
0x00007fff3824a000 	/System/Library/Frameworks/CoreServices.framework/Versions/A/Frameworks/SharedFileList.framework/Versions/A/SharedFileList
0x00007fff3c9cb000 	/System/Library/Frameworks/NetFS.framework/Versions/A/NetFS
0x00007fff563d4000 	/System/Library/PrivateFrameworks/NetAuth.framework/Versions/A/NetAuth
0x00007fff60870000 	/System/Library/PrivateFrameworks/login.framework/Versions/A/Frameworks/loginsupport.framework/Versions/A/loginsupport
0x00007fff5e87c000 	/System/Library/PrivateFrameworks/TCC.framework/Versions/A/TCC
0x00007fff4aef2000 	/System/Library/PrivateFrameworks/CoreNLP.framework/Versions/A/CoreNLP
0x00007fff55e28000 	/System/Library/PrivateFrameworks/MetadataUtilities.framework/Versions/A/MetadataUtilities
0x00007fff6225f000 	/usr/lib/libmecabra.dylib
0x00007fff34c9b000 	/System/Library/Frameworks/ApplicationServices.framework/Versions/A/Frameworks/ATS.framework/Versions/A/ATS
0x00007fff35006000 	/System/Library/Frameworks/ApplicationServices.framework/Versions/A/Frameworks/ColorSyncLegacy.framework/Versions/A/ColorSyncLegacy
0x00007fff350a7000 	/System/Library/Frameworks/ApplicationServices.framework/Versions/A/Frameworks/HIServices.framework/Versions/A/HIServices
0x00007fff350fa000 	/System/Library/Frameworks/ApplicationServices.framework/Versions/A/Frameworks/LangAnalysis.framework/Versions/A/LangAnalysis
0x00007fff35109000 	/System/Library/Frameworks/ApplicationServices.framework/Versions/A/Frameworks/PrintCore.framework/Versions/A/PrintCore
0x00007fff35156000 	/System/Library/Frameworks/ApplicationServices.framework/Versions/A/Frameworks/QD.framework/Versions/A/QD
0x00007fff35192000 	/System/Library/Frameworks/ApplicationServices.framework/Versions/A/Frameworks/SpeechSynthesis.framework/Versions/A/SpeechSynthesis
0x00007fff61290000 	/usr/lib/libcompression.dylib
0x00007fff367cc000 	/System/Library/Frameworks/CoreDisplay.framework/Versions/A/CoreDisplay
0x00007fff3b7cd000 	/System/Library/Frameworks/MetalPerformanceShaders.framework/Versions/A/MetalPerformanceShaders
0x00007fff32bfa000 	/System/Library/Frameworks/Accelerate.framework/Versions/A/Frameworks/vImage.framework/Versions/A/vImage
0x00007fff33c76000 	/System/Library/Frameworks/Accelerate.framework/Versions/A/Frameworks/vecLib.framework/Versions/A/vecLib
0x00007fff33bc0000 	/System/Library/Frameworks/Accelerate.framework/Versions/A/Frameworks/vecLib.framework/Versions/A/libvMisc.dylib
0x00007fff339db000 	/System/Library/Frameworks/Accelerate.framework/Versions/A/Frameworks/vecLib.framework/Versions/A/libvDSP.dylib
0x00007fff3329b000 	/System/Library/Frameworks/Accelerate.framework/Versions/A/Frameworks/vecLib.framework/Versions/A/libBLAS.dylib
0x00007fff33586000 	/System/Library/Frameworks/Accelerate.framework/Versions/A/Frameworks/vecLib.framework/Versions/A/libLAPACK.dylib
0x00007fff3392d000 	/System/Library/Frameworks/Accelerate.framework/Versions/A/Frameworks/vecLib.framework/Versions/A/libLinearAlgebra.dylib
0x00007fff339c7000 	/System/Library/Frameworks/Accelerate.framework/Versions/A/Frameworks/vecLib.framework/Versions/A/libSparseBLAS.dylib
0x00007fff33943000 	/System/Library/Frameworks/Accelerate.framework/Versions/A/Frameworks/vecLib.framework/Versions/A/libQuadrature.dylib
0x00007fff33513000 	/System/Library/Frameworks/Accelerate.framework/Versions/A/Frameworks/vecLib.framework/Versions/A/libBNNS.dylib
0x00007fff33949000 	/System/Library/Frameworks/Accelerate.framework/Versions/A/Frameworks/vecLib.framework/Versions/A/libSparse.dylib
0x00007fff52419000 	/System/Library/PrivateFrameworks/GPUWrangler.framework/Versions/A/GPUWrangler
0x00007fff5484e000 	/System/Library/PrivateFrameworks/IOAccelerator.framework/Versions/A/IOAccelerator
0x00007fff54859000 	/System/Library/PrivateFrameworks/IOPresentment.framework/Versions/A/IOPresentment
0x00007fff4bcfb000 	/System/Library/PrivateFrameworks/DSExternalDisplay.framework/Versions/A/DSExternalDisplay
0x00007fff3fe7f000 	/System/Library/Frameworks/OpenGL.framework/Versions/A/Libraries/libCoreFSCache.dylib
0x00007fff3b5b5000 	/System/Library/Frameworks/MetalPerformanceShaders.framework/Frameworks/MPSCore.framework/Versions/A/MPSCore
0x00007fff3b5d6000 	/System/Library/Frameworks/MetalPerformanceShaders.framework/Frameworks/MPSImage.framework/Versions/A/MPSImage
0x00007fff3b67e000 	/System/Library/Frameworks/MetalPerformanceShaders.framework/Frameworks/MPSNeuralNetwork.framework/Versions/A/MPSNeuralNetwork
0x00007fff3b655000 	/System/Library/Frameworks/MetalPerformanceShaders.framework/Frameworks/MPSMatrix.framework/Versions/A/MPSMatrix
0x00007fff3b7b1000 	/System/Library/Frameworks/MetalPerformanceShaders.framework/Frameworks/MPSRayIntersector.framework/Versions/A/MPSRayIntersector
0x00007fff55e51000 	/System/Library/PrivateFrameworks/MetalTools.framework/Versions/A/MetalTools
0x00007fff468cc000 	/System/Library/PrivateFrameworks/AggregateDictionary.framework/Versions/A/AggregateDictionary
0x00007fff60e55000 	/usr/lib/libMobileGestalt.dylib
0x00007fff3871c000 	/System/Library/Frameworks/CoreVideo.framework/Versions/A/CoreVideo
0x00007fff53289000 	/System/Library/PrivateFrameworks/GraphVisualizer.framework/Versions/A/GraphVisualizer
0x00007fff4d024000 	/System/Library/PrivateFrameworks/FaceCore.framework/Versions/A/FaceCore
0x00007fff3f497000 	/System/Library/Frameworks/OpenCL.framework/Versions/A/OpenCL
0x00007fff60c3c000 	/usr/lib/libFosl_dynamic.dylib
0x00007fff56cac000 	/System/Library/PrivateFrameworks/OTSVG.framework/Versions/A/OTSVG
0x00007fff34d9f000 	/System/Library/Frameworks/ApplicationServices.framework/Versions/A/Frameworks/ATS.framework/Versions/A/Resources/libFontParser.dylib
0x00007fff34ebf000 	/System/Library/Frameworks/ApplicationServices.framework/Versions/A/Frameworks/ATS.framework/Versions/A/Resources/libFontRegistry.dylib
0x00007fff396b0000 	/System/Library/Frameworks/ImageIO.framework/Versions/A/Resources/libJPEG.dylib
0x00007fff399d2000 	/System/Library/Frameworks/ImageIO.framework/Versions/A/Resources/libTIFF.dylib
0x00007fff399a8000 	/System/Library/Frameworks/ImageIO.framework/Versions/A/Resources/libPng.dylib
0x00007fff395c5000 	/System/Library/Frameworks/ImageIO.framework/Versions/A/Resources/libGIF.dylib
0x00007fff395ca000 	/System/Library/Frameworks/ImageIO.framework/Versions/A/Resources/libJP2.dylib
0x00007fff399cf000 	/System/Library/Frameworks/ImageIO.framework/Versions/A/Resources/libRadiance.dylib
0x00007fff4732b000 	/System/Library/PrivateFrameworks/AppleJPEG.framework/Versions/A/AppleJPEG
0x00007fff3fe8a000 	/System/Library/Frameworks/OpenGL.framework/Versions/A/Libraries/libGFXShared.dylib
0x00007fff4004d000 	/System/Library/Frameworks/OpenGL.framework/Versions/A/Libraries/libGLU.dylib
0x00007fff3fe93000 	/System/Library/Frameworks/OpenGL.framework/Versions/A/Libraries/libGL.dylib
0x00007fff3fe9f000 	/System/Library/Frameworks/OpenGL.framework/Versions/A/Libraries/libGLImage.dylib
0x00007fff3fe7c000 	/System/Library/Frameworks/OpenGL.framework/Versions/A/Libraries/libCVMSPluginSupport.dylib
0x00007fff3fe85000 	/System/Library/Frameworks/OpenGL.framework/Versions/A/Libraries/libCoreVMClient.dylib
0x00007fff61be2000 	/usr/lib/libcups.2.dylib
0x00007fff3aaca000 	/System/Library/Frameworks/Kerberos.framework/Versions/A/Kerberos
0x00007fff3907a000 	/System/Library/Frameworks/GSS.framework/Versions/A/GSS
0x00007fff6334e000 	/usr/lib/libresolv.9.dylib
0x00007fff61dda000 	/usr/lib/libiconv.2.dylib
0x00007fff533e9000 	/System/Library/PrivateFrameworks/Heimdal.framework/Versions/A/Heimdal
0x00007fff61da9000 	/usr/lib/libheimdal-asn1.dylib
0x00007fff3f50d000 	/System/Library/Frameworks/OpenDirectory.framework/Versions/A/OpenDirectory
0x00007fff49bee000 	/System/Library/PrivateFrameworks/CommonAuth.framework/Versions/A/CommonAuth
0x00007fff3f4f0000 	/System/Library/Frameworks/OpenDirectory.framework/Versions/A/Frameworks/CFOpenDirectory.framework/Versions/A/CFOpenDirectory
0x00007fff4267b000 	/System/Library/Frameworks/SecurityFoundation.framework/Versions/A/SecurityFoundation
0x00007fff45ddb000 	/System/Library/PrivateFrameworks/APFS.framework/Versions/A/APFS
0x00007fff6381e000 	/usr/lib/libutil.dylib
0x00007fff6127e000 	/usr/lib/libcharset.1.dylib
0x00007fff475c7000 	/System/Library/PrivateFrameworks/AppleSauce.framework/Versions/A/AppleSauce
0x00007fff47755000 	/System/Library/PrivateFrameworks/AssertionServices.framework/Versions/A/AssertionServices
0x00007fff47fc8000 	/System/Library/PrivateFrameworks/BaseBoard.framework/Versions/A/BaseBoard
0x00007fff621ae000 	/usr/lib/libmecab.1.0.0.dylib
0x00007fff61da3000 	/usr/lib/libgermantok.dylib
0x00007fff61041000 	/usr/lib/libThaiTokenizer.dylib
0x00007fff60b68000 	/usr/lib/libChineseTokenizer.dylib
0x00007fff54f85000 	/System/Library/PrivateFrameworks/LanguageModeling.framework/Versions/A/LanguageModeling
0x00007fff4a908000 	/System/Library/PrivateFrameworks/CoreEmoji.framework/Versions/A/CoreEmoji
0x00007fff5507d000 	/System/Library/PrivateFrameworks/Lexicon.framework/Versions/A/Lexicon
0x00007fff550c5000 	/System/Library/PrivateFrameworks/LinguisticData.framework/Versions/A/LinguisticData
0x00007fff6127f000 	/usr/lib/libcmph.dylib
0x00007fff4273c000 	/System/Library/Frameworks/ServiceManagement.framework/Versions/A/ServiceManagement
0x00007fff47f1b000 	/System/Library/PrivateFrameworks/BackgroundTaskManagement.framework/Versions/A/BackgroundTaskManagement
0x00007fff63918000 	/usr/lib/libxslt.1.dylib
0x00007fff35e8f000 	/System/Library/Frameworks/Carbon.framework/Versions/A/Frameworks/Ink.framework/Versions/A/Ink
0x00007fff5eafc000 	/System/Library/PrivateFrameworks/TextureIO.framework/Versions/A/TextureIO
0x00007fff61096000 	/usr/lib/libate.dylib
0x00007fff4bc57000 	/System/Library/PrivateFrameworks/CrashReporterSupport.framework/Versions/A/CrashReporterSupport
0x00007fff5bb1d000 	/System/Library/PrivateFrameworks/Sharing.framework/Versions/A/Sharing
0x00007fff47aa7000 	/System/Library/PrivateFrameworks/AuthKit.framework/Versions/A/AuthKit
0x00007fff46eca000 	/System/Library/PrivateFrameworks/Apple80211.framework/Versions/A/Apple80211
0x00007fff4ba17000 	/System/Library/PrivateFrameworks/CoreUtils.framework/Versions/A/CoreUtils
0x00007fff3875a000 	/System/Library/Frameworks/CoreWLAN.framework/Versions/A/CoreWLAN
0x00007fff391c4000 	/System/Library/Frameworks/IOBluetooth.framework/Versions/A/IOBluetooth
0x00007fff59e3b000 	/System/Library/PrivateFrameworks/ProtocolBuffer.framework/Versions/A/ProtocolBuffer
0x00007fff5608e000 	/System/Library/PrivateFrameworks/MobileKeyBag.framework/Versions/A/MobileKeyBag
0x00007fff4b22f000 	/System/Library/PrivateFrameworks/CorePhoneNumbers.framework/Versions/A/CorePhoneNumbers
0x00007fff472df000 	/System/Library/PrivateFrameworks/AppleIDAuthSupport.framework/Versions/A/AppleIDAuthSupport
0x00007fff54f56000 	/System/Library/PrivateFrameworks/KeychainCircle.framework/Versions/A/KeychainCircle
0x00007fff5a008000 	/System/Library/PrivateFrameworks/ROCKit.framework/Versions/A/ROCKit
0x00007fff4bbf3000 	/System/Library/PrivateFrameworks/CoreWiFi.framework/Versions/A/CoreWiFi
0x00007fff363fe000 	/System/Library/Frameworks/CoreBluetooth.framework/Versions/A/CoreBluetooth
0x00007fff4be47000 	/System/Library/PrivateFrameworks/DebugSymbols.framework/Versions/A/DebugSymbols
0x00007fff4b7cc000 	/System/Library/PrivateFrameworks/CoreSymbolication.framework/Versions/A/CoreSymbolication
0x00007fff5e2e6000 	/System/Library/PrivateFrameworks/Symbolication.framework/Versions/A/Symbolication
0x00007fff5d478000 	/System/Library/PrivateFrameworks/SpeechRecognitionCore.framework/Versions/A/SpeechRecognitionCore
0x0000000109600000 	/Library/Java/JavaVirtualMachines/jdk-10.0.2.jdk/Contents/Home/lib/server/libjvm.dylib
0x00007fff636e2000 	/usr/lib/libstdc++.6.dylib
0x0000000108d58000 	/Library/Java/JavaVirtualMachines/jdk-10.0.2.jdk/Contents/Home/lib/libverify.dylib
0x0000000108d65000 	/Library/Java/JavaVirtualMachines/jdk-10.0.2.jdk/Contents/Home/lib/libjava.dylib
0x0000000108d9c000 	/Library/Java/JavaVirtualMachines/jdk-10.0.2.jdk/Contents/Home/lib/libjdwp.dylib
0x0000000108dd9000 	/Library/Java/JavaVirtualMachines/jdk-10.0.2.jdk/Contents/Home/lib/libinstrument.dylib
0x000000010a411000 	/Library/Java/JavaVirtualMachines/jdk-10.0.2.jdk/Contents/Home/lib/libzip.dylib
0x000000010a419000 	/Library/Java/JavaVirtualMachines/jdk-10.0.2.jdk/Contents/Home/lib/libjimage.dylib
0x0000000111e9f000 	/Library/Java/JavaVirtualMachines/jdk-10.0.2.jdk/Contents/Home/lib/libdt_socket.dylib
0x0000000111ea5000 	/Library/Java/JavaVirtualMachines/jdk-10.0.2.jdk/Contents/Home/lib/libnio.dylib
0x0000000111eb5000 	/Library/Java/JavaVirtualMachines/jdk-10.0.2.jdk/Contents/Home/lib/./libnet.dylib


VM Arguments:
jvm_args: -agentlib:jdwp=transport=dt_socket,suspend=y,address=localhost:50404 -javaagent:/Users/folafifo/eclipse/java-photon/Eclipse.app/Contents/Eclipse/configuration/org.eclipse.osgi/231/0/.cp/lib/javaagent-shaded.jar -Dfile.encoding=UTF-8 
java_command: Game
java_class_path (initial): /Users/folafifo/OneDrive - TCDUD.onmicrosoft.com/Chuck-a-Luck/bin
Launcher Type: SUN_STANDARD

Logging:
Log output configuration:
#0: stdout all=warning uptime,level,tags
#1: stderr all=off uptime,level,tags

Environment Variables:
PATH=/usr/bin:/bin:/usr/sbin:/sbin
SHELL=/bin/bash

Signal Handlers:
SIGSEGV: [libjvm.dylib+0x79ac14], sa_mask[0]=11111111011111110111111111111111, sa_flags=SA_ONSTACK|SA_RESTART|SA_SIGINFO
SIGBUS: [libjvm.dylib+0x79ac14], sa_mask[0]=11111111011111110111111111111111, sa_flags=SA_RESTART|SA_SIGINFO
SIGFPE: [libjvm.dylib+0x79ac14], sa_mask[0]=11111111011111110111111111111111, sa_flags=SA_RESTART|SA_SIGINFO
SIGPIPE: [libjvm.dylib+0x635960], sa_mask[0]=11111111011111110111111111111111, sa_flags=SA_RESTART|SA_SIGINFO
SIGXFSZ: [libjvm.dylib+0x635960], sa_mask[0]=11111111011111110111111111111111, sa_flags=SA_RESTART|SA_SIGINFO
SIGILL: [libjvm.dylib+0x79ac14], sa_mask[0]=11111111011111110111111111111111, sa_flags=SA_RESTART|SA_SIGINFO
SIGUSR2: [libjvm.dylib+0x6361f0], sa_mask[0]=00100000000000000000000000000000, sa_flags=SA_RESTART|SA_SIGINFO
SIGHUP: [libjvm.dylib+0x6349db], sa_mask[0]=11111111011111110111111111111111, sa_flags=SA_RESTART|SA_SIGINFO
SIGINT: [libjvm.dylib+0x6349db], sa_mask[0]=11111111011111110111111111111111, sa_flags=SA_RESTART|SA_SIGINFO
SIGTERM: [libjvm.dylib+0x6349db], sa_mask[0]=11111111011111110111111111111111, sa_flags=SA_RESTART|SA_SIGINFO
SIGQUIT: [libjvm.dylib+0x6349db], sa_mask[0]=11111111011111110111111111111111, sa_flags=SA_RESTART|SA_SIGINFO


---------------  S Y S T E M  ---------------

OS:uname:Darwin 18.2.0 Darwin Kernel Version 18.2.0: Thu Dec 20 20:46:53 PST 2018; root:xnu-4903.241.1~1/RELEASE_X86_64 x86_64
rlimit: STACK 8192k, CORE 0k, NPROC 709, NOFILE 10240, AS infinity, DATA infinity, FSIZE infinity
load average:2.20 2.26 2.25

CPU:total 4 (initial active 4) (2 cores per cpu, 2 threads per core) family 6 model 61 stepping 4, cmov, cx8, fxsr, mmx, sse, sse2, sse3, ssse3, sse4.1, sse4.2, popcnt, avx, avx2, aes, clmul, erms, rtm, 3dnowpref, lzcnt, ht, tsc, tscinvbit, bmi1, bmi2, adx, fma

Memory: 4k page, physical 8388608k(157028k free)

vm_info: Java HotSpot(TM) 64-Bit Server VM (10.0.2+13) for bsd-amd64 JRE (10.0.2+13), built on Jun 28 2018 00:49:51 by "mach5one" with gcc 4.2.1 Compatible Apple LLVM 6.1.0 (clang-602.0.49)

END.
